The system is: Windows - 10.0.19045 - AMD64
Compiling the C compiler identification source file "CMakeCCompilerId.c" succeeded.
Compiler: C:/Program Files (x86)/Microsoft Visual Studio/2019/Professional/VC/Tools/MSVC/14.29.30133/bin/Hostx86/x86/cl.exe 
Build flags: 
Id flags:  

The output was:
0
Microsoft (R) C/C++ Optimizing Compiler Version 19.29.30140 for x86
Copyright (C) Microsoft Corporation.  All rights reserved.

CMakeCCompilerId.c
Microsoft (R) Incremental Linker Version 14.29.30140.0
Copyright (C) Microsoft Corporation.  All rights reserved.

/out:CMakeCCompilerId.exe 
CMakeCCompilerId.obj 


Compilation of the C compiler identification source "CMakeCCompilerId.c" produced "CMakeCCompilerId.exe"

Compilation of the C compiler identification source "CMakeCCompilerId.c" produced "CMakeCCompilerId.obj"

The C compiler identification is MSVC, found in "C:/Users/itven2563/Documents/-- CUDA course/Coursera/Course 3/Code/CMakeFiles/3.25.0-rc2/CompilerIdC/CMakeCCompilerId.exe"

Compiling the CXX compiler identification source file "CMakeCXXCompilerId.cpp" succeeded.
Compiler: C:/Program Files (x86)/Microsoft Visual Studio/2019/Professional/VC/Tools/MSVC/14.29.30133/bin/Hostx86/x86/cl.exe 
Build flags: 
Id flags:  

The output was:
0
Microsoft (R) C/C++ Optimizing Compiler Version 19.29.30140 for x86
Copyright (C) Microsoft Corporation.  All rights reserved.

CMakeCXXCompilerId.cpp
Microsoft (R) Incremental Linker Version 14.29.30140.0
Copyright (C) Microsoft Corporation.  All rights reserved.

/out:CMakeCXXCompilerId.exe 
CMakeCXXCompilerId.obj 


Compilation of the CXX compiler identification source "CMakeCXXCompilerId.cpp" produced "CMakeCXXCompilerId.exe"

Compilation of the CXX compiler identification source "CMakeCXXCompilerId.cpp" produced "CMakeCXXCompilerId.obj"

The CXX compiler identification is MSVC, found in "C:/Users/itven2563/Documents/-- CUDA course/Coursera/Course 3/Code/CMakeFiles/3.25.0-rc2/CompilerIdCXX/CMakeCXXCompilerId.exe"

Detecting C compiler ABI info compiled with the following output:
Change Dir: C:/Users/itven2563/Documents/-- CUDA course/Coursera/Course 3/Code/CMakeFiles/CMakeScratch/TryCompile-fax8nl

Run Build Command(s):nmake -f Makefile /nologo cmTC_a6dee\fast && 	"C:\Program Files (x86)\Microsoft Visual Studio\2019\Professional\VC\Tools\MSVC\14.29.30133\bin\HostX86\x86\nmake.exe"  -f CMakeFiles\cmTC_a6dee.dir\build.make /nologo -L                  CMakeFiles\cmTC_a6dee.dir\build
Building C object CMakeFiles/cmTC_a6dee.dir/CMakeCCompilerABI.c.obj
	"C:\Program Files\CMake\bin\cmake.exe" -E cmake_cl_compile_depends --dep-file=CMakeFiles\cmTC_a6dee.dir\CMakeCCompilerABI.c.obj.d --working-dir="C:\Users\itven2563\Documents\-- CUDA course\Coursera\Course 3\Code\CMakeFiles\CMakeScratch\TryCompile-fax8nl" --filter-prefix="Note: including file: " -- C:\PROGRA~2\MIB055~1\2019\PROFES~1\VC\Tools\MSVC\1429~1.301\bin\Hostx86\x86\cl.exe @C:\Users\ITVEN2~1\AppData\Local\Temp\nmD675.tmp
CMakeCCompilerABI.c
Linking C executable cmTC_a6dee.exe
	"C:\Program Files\CMake\bin\cmake.exe" -E vs_link_exe --intdir=CMakeFiles\cmTC_a6dee.dir --rc=C:\PROGRA~2\WI3CF2~1\10\bin\100190~1.0\x86\rc.exe --mt=C:\PROGRA~2\WI3CF2~1\10\bin\100190~1.0\x86\mt.exe --manifests -- C:\PROGRA~2\MIB055~1\2019\PROFES~1\VC\Tools\MSVC\1429~1.301\bin\Hostx86\x86\link.exe /nologo @CMakeFiles\cmTC_a6dee.dir\objects1 @C:\Users\ITVEN2~1\AppData\Local\Temp\nmD9C1.tmp



Detecting CXX compiler ABI info compiled with the following output:
Change Dir: C:/Users/itven2563/Documents/-- CUDA course/Coursera/Course 3/Code/CMakeFiles/CMakeScratch/TryCompile-i97637

Run Build Command(s):nmake -f Makefile /nologo cmTC_efd41\fast && 	"C:\Program Files (x86)\Microsoft Visual Studio\2019\Professional\VC\Tools\MSVC\14.29.30133\bin\HostX86\x86\nmake.exe"  -f CMakeFiles\cmTC_efd41.dir\build.make /nologo -L                  CMakeFiles\cmTC_efd41.dir\build
Building CXX object CMakeFiles/cmTC_efd41.dir/CMakeCXXCompilerABI.cpp.obj
	"C:\Program Files\CMake\bin\cmake.exe" -E cmake_cl_compile_depends --dep-file=CMakeFiles\cmTC_efd41.dir\CMakeCXXCompilerABI.cpp.obj.d --working-dir="C:\Users\itven2563\Documents\-- CUDA course\Coursera\Course 3\Code\CMakeFiles\CMakeScratch\TryCompile-i97637" --filter-prefix="Note: including file: " -- C:\PROGRA~2\MIB055~1\2019\PROFES~1\VC\Tools\MSVC\1429~1.301\bin\Hostx86\x86\cl.exe @C:\Users\ITVEN2~1\AppData\Local\Temp\nmE1B0.tmp
CMakeCXXCompilerABI.cpp
Linking CXX executable cmTC_efd41.exe
	"C:\Program Files\CMake\bin\cmake.exe" -E vs_link_exe --intdir=CMakeFiles\cmTC_efd41.dir --rc=C:\PROGRA~2\WI3CF2~1\10\bin\100190~1.0\x86\rc.exe --mt=C:\PROGRA~2\WI3CF2~1\10\bin\100190~1.0\x86\mt.exe --manifests -- C:\PROGRA~2\MIB055~1\2019\PROFES~1\VC\Tools\MSVC\1429~1.301\bin\Hostx86\x86\link.exe /nologo @CMakeFiles\cmTC_efd41.dir\objects1 @C:\Users\ITVEN2~1\AppData\Local\Temp\nmE376.tmp



